<?xml version="1.0" encoding="UTF-8"?>
<testng-results ignored="0" total="1" passed="1" failed="0" skipped="0">
  <reporter-output>
  </reporter-output>
  <suite started-at="2023-04-16T12:08:41 IST" name="Default suite" finished-at="2023-04-16T12:09:05 IST" duration-ms="23847">
    <groups>
    </groups>
    <test started-at="2023-04-16T12:08:41 IST" name="Default test" finished-at="2023-04-16T12:09:05 IST" duration-ms="23847">
      <class name="ClientCreation.Push_Pull_Lead_Test">
        <test-method is-config="true" signature="browserConfig()[pri:0, instance:ClientCreation.Push_Pull_Lead_Test@76505305]" started-at="2023-04-16T12:08:41 IST" name="browserConfig" finished-at="2023-04-16T12:08:51 IST" duration-ms="10271" status="PASS">
          <reporter-output>
          </reporter-output>
        </test-method> <!-- browserConfig -->
        <test-method signature="pushLeadFromPreSales()[pri:0, instance:ClientCreation.Push_Pull_Lead_Test@76505305]" started-at="2023-04-16T12:08:51 IST" name="pushLeadFromPreSales" finished-at="2023-04-16T12:09:04 IST" duration-ms="13206" status="PASS">
          <reporter-output>
          </reporter-output>
        </test-method> <!-- pushLeadFromPreSales -->
        <test-method is-config="true" signature="terminate()[pri:0, instance:ClientCreation.Push_Pull_Lead_Test@76505305]" started-at="2023-04-16T12:09:04 IST" name="terminate" finished-at="2023-04-16T12:09:05 IST" duration-ms="329" status="PASS">
          <reporter-output>
          </reporter-output>
        </test-method> <!-- terminate -->
      </class> <!-- ClientCreation.Push_Pull_Lead_Test -->
    </test> <!-- Default test -->
  </suite> <!-- Default suite -->
</testng-results>
