<?xml version="1.0" encoding="UTF-8"?>
<testng-results ignored="0" total="1" passed="1" failed="0" skipped="0">
  <reporter-output>
  </reporter-output>
  <suite started-at="2023-04-14T19:16:38 IST" name="Default suite" finished-at="2023-04-14T19:16:58 IST" duration-ms="20236">
    <groups>
    </groups>
    <test started-at="2023-04-14T19:16:38 IST" name="Default test" finished-at="2023-04-14T19:16:58 IST" duration-ms="20236">
      <class name="ClientCreation.Push_Pull_Lead_Test">
        <test-method is-config="true" signature="browserConfig()[pri:0, instance:ClientCreation.Push_Pull_Lead_Test@123ef382]" started-at="2023-04-14T19:16:38 IST" name="browserConfig" finished-at="2023-04-14T19:16:42 IST" duration-ms="3782" status="PASS">
          <reporter-output>
          </reporter-output>
        </test-method> <!-- browserConfig -->
        <test-method signature="pushLeadFromPreSales()[pri:0, instance:ClientCreation.Push_Pull_Lead_Test@123ef382]" started-at="2023-04-14T19:16:42 IST" name="pushLeadFromPreSales" finished-at="2023-04-14T19:16:58 IST" duration-ms="16222" status="PASS">
          <reporter-output>
          </reporter-output>
        </test-method> <!-- pushLeadFromPreSales -->
        <test-method is-config="true" signature="terminate()[pri:0, instance:ClientCreation.Push_Pull_Lead_Test@123ef382]" started-at="2023-04-14T19:16:58 IST" name="terminate" finished-at="2023-04-14T19:16:58 IST" duration-ms="188" status="PASS">
          <reporter-output>
          </reporter-output>
        </test-method> <!-- terminate -->
      </class> <!-- ClientCreation.Push_Pull_Lead_Test -->
    </test> <!-- Default test -->
  </suite> <!-- Default suite -->
</testng-results>
